2024-05-18T14:26:49.760+05:30  INFO 30784 --- [RestaurantManagementApp] [restartedMain] c.r.g.RestaurantManagementAppApplication : Starting RestaurantManagementAppApplication using Java 17.0.5 with PID 30784 (C:\Work_Area\D into C(06-10-2021_14-21)\Rathna\Rathna_Pronix\Masters\Project\RMS\grr\target\classes started by PRONIX-DEV4 in C:\Work_Area\D into C(06-10-2021_14-21)\Rathna\Rathna_Pronix\Masters\Project\RMS\grr)
2024-05-18T14:26:49.769+05:30  INFO 30784 --- [RestaurantManagementApp] [restartedMain] c.r.g.RestaurantManagementAppApplication : No active profile set, falling back to 1 default profile: "default"
2024-05-18T14:26:50.056+05:30  INFO 30784 --- [RestaurantManagementApp] [restartedMain] .e.DevToolsPropertyDefaultsPostProcessor : Devtools property defaults active! Set 'spring.devtools.add-properties' to 'false' to disable
2024-05-18T14:26:50.059+05:30  INFO 30784 --- [RestaurantManagementApp] [restartedMain] .e.DevToolsPropertyDefaultsPostProcessor : For additional web related logging consider setting the 'logging.level.web' property to 'DEBUG'
2024-05-18T14:26:54.267+05:30  INFO 30784 --- [RestaurantManagementApp] [restartedMain] o.s.b.w.embedded.tomcat.TomcatWebServer  : Tomcat initialized with port 8080 (http)
2024-05-18T14:26:54.313+05:30  INFO 30784 --- [RestaurantManagementApp] [restartedMain] o.apache.catalina.core.StandardService   : Starting service [Tomcat]
2024-05-18T14:26:54.314+05:30  INFO 30784 --- [RestaurantManagementApp] [restartedMain] o.apache.catalina.core.StandardEngine    : Starting Servlet engine: [Apache Tomcat/10.1.20]
2024-05-18T14:26:54.471+05:30  INFO 30784 --- [RestaurantManagementApp] [restartedMain] o.a.c.c.C.[Tomcat].[localhost].[/]       : Initializing Spring embedded WebApplicationContext
2024-05-18T14:26:54.472+05:30  INFO 30784 --- [RestaurantManagementApp] [restartedMain] w.s.c.ServletWebServerApplicationContext : Root WebApplicationContext: initialization completed in 4410 ms
2024-05-18T14:26:55.580+05:30  INFO 30784 --- [RestaurantManagementApp] [restartedMain] o.s.b.d.a.OptionalLiveReloadServer       : LiveReload server is running on port 35729
2024-05-18T14:26:55.681+05:30  INFO 30784 --- [RestaurantManagementApp] [restartedMain] o.s.b.w.embedded.tomcat.TomcatWebServer  : Tomcat started on port 8080 (http) with context path ''
2024-05-18T14:26:55.720+05:30  INFO 30784 --- [RestaurantManagementApp] [restartedMain] c.r.g.RestaurantManagementAppApplication : Started RestaurantManagementAppApplication in 7.226 seconds (process running for 8.896)
2024-05-18T14:27:00.164+05:30  INFO 30784 --- [RestaurantManagementApp] [http-nio-8080-exec-1] o.a.c.c.C.[Tomcat].[localhost].[/]       : Initializing Spring DispatcherServlet 'dispatcherServlet'
2024-05-18T14:27:00.164+05:30  INFO 30784 --- [RestaurantManagementApp] [http-nio-8080-exec-1] o.s.web.servlet.DispatcherServlet        : Initializing Servlet 'dispatcherServlet'
2024-05-18T14:27:00.165+05:30  INFO 30784 --- [RestaurantManagementApp] [http-nio-8080-exec-1] o.s.web.servlet.DispatcherServlet        : Completed initialization in 1 ms
2024-05-18T14:27:00.222+05:30 ERROR 30784 --- [RestaurantManagementApp] [http-nio-8080-exec-1] c.r.g.e.ApplicationExceptionHandler      : Order not found 48aba082-a4d9-435c-adf8-003f6a84e8fc
2024-05-18T14:27:00.312+05:30  WARN 30784 --- [RestaurantManagementApp] [http-nio-8080-exec-1] .m.m.a.ExceptionHandlerExceptionResolver : Resolved [com.rms.grr.exceptionHandler.OrderException: Order not found]
2024-05-18T14:31:54.575+05:30  INFO 24520 --- [RestaurantManagementApp] [restartedMain] c.r.g.RestaurantManagementAppApplication : Starting RestaurantManagementAppApplication using Java 17.0.5 with PID 24520 (C:\Work_Area\D into C(06-10-2021_14-21)\Rathna\Rathna_Pronix\Masters\Project\RMS\grr\target\classes started by PRONIX-DEV4 in C:\Work_Area\D into C(06-10-2021_14-21)\Rathna\Rathna_Pronix\Masters\Project\RMS\grr)
2024-05-18T14:31:54.582+05:30  INFO 24520 --- [RestaurantManagementApp] [restartedMain] c.r.g.RestaurantManagementAppApplication : No active profile set, falling back to 1 default profile: "default"
2024-05-18T14:31:54.776+05:30  INFO 24520 --- [RestaurantManagementApp] [restartedMain] .e.DevToolsPropertyDefaultsPostProcessor : Devtools property defaults active! Set 'spring.devtools.add-properties' to 'false' to disable
2024-05-18T14:31:54.777+05:30  INFO 24520 --- [RestaurantManagementApp] [restartedMain] .e.DevToolsPropertyDefaultsPostProcessor : For additional web related logging consider setting the 'logging.level.web' property to 'DEBUG'
2024-05-18T14:32:01.023+05:30  INFO 24520 --- [RestaurantManagementApp] [restartedMain] o.s.b.w.embedded.tomcat.TomcatWebServer  : Tomcat initialized with port 8080 (http)
2024-05-18T14:32:01.069+05:30  INFO 24520 --- [RestaurantManagementApp] [restartedMain] o.apache.catalina.core.StandardService   : Starting service [Tomcat]
2024-05-18T14:32:01.070+05:30  INFO 24520 --- [RestaurantManagementApp] [restartedMain] o.apache.catalina.core.StandardEngine    : Starting Servlet engine: [Apache Tomcat/10.1.20]
2024-05-18T14:32:01.282+05:30  INFO 24520 --- [RestaurantManagementApp] [restartedMain] o.a.c.c.C.[Tomcat].[localhost].[/]       : Initializing Spring embedded WebApplicationContext
2024-05-18T14:32:01.283+05:30  INFO 24520 --- [RestaurantManagementApp] [restartedMain] w.s.c.ServletWebServerApplicationContext : Root WebApplicationContext: initialization completed in 6504 ms
2024-05-18T14:32:03.479+05:30  INFO 24520 --- [RestaurantManagementApp] [restartedMain] o.s.b.d.a.OptionalLiveReloadServer       : LiveReload server is running on port 35729
2024-05-18T14:32:03.633+05:30  INFO 24520 --- [RestaurantManagementApp] [restartedMain] o.s.b.w.embedded.tomcat.TomcatWebServer  : Tomcat started on port 8080 (http) with context path ''
2024-05-18T14:32:03.679+05:30  INFO 24520 --- [RestaurantManagementApp] [restartedMain] c.r.g.RestaurantManagementAppApplication : Started RestaurantManagementAppApplication in 10.542 seconds (process running for 12.047)
2024-05-18T14:32:13.020+05:30  INFO 24520 --- [RestaurantManagementApp] [http-nio-8080-exec-1] o.a.c.c.C.[Tomcat].[localhost].[/]       : Initializing Spring DispatcherServlet 'dispatcherServlet'
2024-05-18T14:32:13.022+05:30  INFO 24520 --- [RestaurantManagementApp] [http-nio-8080-exec-1] o.s.web.servlet.DispatcherServlet        : Initializing Servlet 'dispatcherServlet'
2024-05-18T14:32:13.028+05:30  INFO 24520 --- [RestaurantManagementApp] [http-nio-8080-exec-1] o.s.web.servlet.DispatcherServlet        : Completed initialization in 4 ms
2024-05-18T14:32:13.277+05:30 ERROR 24520 --- [RestaurantManagementApp] [http-nio-8080-exec-1] c.r.g.e.ApplicationExceptionHandler      : Order not found 3dfaea95-d860-4b67-8c01-dc7140dafef8
2024-05-18T14:32:13.479+05:30  WARN 24520 --- [RestaurantManagementApp] [http-nio-8080-exec-1] .m.m.a.ExceptionHandlerExceptionResolver : Resolved [com.rms.grr.exceptionHandler.OrderException: Order not found]
